<?xml version="1.0" encoding="UTF-8"?>
<!-- Generated by org.testng.reporters.JUnitReportReporter -->
<testsuite hostname="DESKTOP-2IAJIC5" failures="0" tests="4" name="FBookTestNG.TestNG" time="35.899" errors="0" timestamp="2023-02-10T15:13:58 IST" skipped="0">
  <testcase classname="FBookTestNG.TestNG" name="ClickTerms" time="4.807"/>
  <system-out/>
  <testcase classname="FBookTestNG.TestNG" name="singUp" time="14.593"/>
  <system-out/>
  <testcase classname="FBookTestNG.TestNG" name="ClickTerms" time="3.650"/>
  <system-out/>
  <testcase classname="FBookTestNG.TestNG" name="singUp" time="12.849"/>
  <system-out/>
</testsuite> <!-- FBookTestNG.TestNG -->
